🚀 C Project Test Automation Report
Generated: 2025-10-03 12:49:14
Model Used: llama-3.3-70b-versatile
Execution Time: 2.35 seconds
Status: FAILED

============================================================

📁 CHANGED FILES:

  1. main.c

🔨 COMPILATION STATUS:

  main.c: ✅ SUCCESS

🔍 ANALYZED C FUNCTIONS (2 total):

  1. int add (2 params) [Complexity: 1/10]
     File: main.c (lines 1-5)

  2. int main (void) [Complexity: 1/10]
     File: main.c (lines 5-18)

🧩 INTELLIGENT TEST CHUNKING:
  Total Chunks: 1

  📦 chunk_0: UNIT testing
     Functions: 2, Lines: 19, Est. Tokens: 57

🧪 TEST RESULTS:
  Status: FAILURE

  Test Output:
  ────────────────────────────────────────
  Compilation failed: /home/runner/work/check-C-test/check-C-test/tests_pr/chunk_0_tests.c: In function ‘test_add_normal_operation’:
  /home/runner/work/check-C-test/check-C-test/tests_pr/chunk_0_tests.c:16:18: warning: implicit declaration of function ‘add’ [-Wimplicit-function-declaration]
     16 |     int actual = add(a, b);
        |                  ^~~
  /home/runner/work/check-C-test/check-C-test/tests_pr/chunk_0_tests.c: In function ‘test_add_max_int’:
  /home/runner/work/check-C-test/check-C-test/tests_pr/chunk_0_tests.c:51:28: warning: integer overflow in expression of type ‘int’ results in ‘-2147483648’ [-Woverflow]
     51 |     int expected = INT_MAX + 1;
        |                            ^
  /home/runner/work/check-C-test/check-C-test/tests_pr/chunk_0_tests.c:52:9: warning: unused variable ‘actual’ [-Wunused-variable]
     52 |     int actual = add(a, b);
        |         ^~~~~~
  /home/runner/work/check-C-test/check-C-test/tests_pr/chunk_0_tests.c:51:9: warning: unused variable ‘expected’ [-Wunused-variable]
     51 |     int expected = INT_MAX + 1;
        |         ^~~~~~~~
  /home/runner/work/check-C-test/check-C-test/tests_pr/chunk_0_tests.c: In function ‘test_add_min_int’:
  ────────────────────────────────────────

📊 CODE COVERAGE:

  No coverage data available

  Line Coverage: 0.0%
  Function Coverage: 0.0%
  Branch Coverage: 0.0%

  📁 File Coverage Details:
    main.c: 0.0% (0/0 lines)

📝 EXECUTION LOGS (Last 25 entries):

  [2025-10-03 12:49:12] [INFO] ✅ Found 2 functions in main.c
  [2025-10-03 12:49:12] [INFO] 🧩 Created 1 intelligent test chunks:
  [2025-10-03 12:49:12] [INFO]    chunk_0: unit testing, 2 functions
  [2025-10-03 12:49:12] [INFO]       Lines: 19, Est. Tokens: 57, Complexity: 2/10
  [2025-10-03 12:49:12] [INFO] 🧪 Processing chunk_0 (unit test)...
  [2025-10-03 12:49:12] [INFO] 🤖 Generating C test code (attempt 1/3)...
  [2025-10-03 12:49:13] [SUCCESS] ✅ Generated valid-looking C test code
  [2025-10-03 12:49:13] [SUCCESS] ✅ Generated chunk test file: /home/runner/work/check-C-test/check-C-test/tests_pr/chunk_0_tests.c
  [2025-10-03 12:49:13] [INFO] 🔨 Compiling C tests from /home/runner/work/check-C-test/check-C-test/tests_pr/chunk_0_tests.c
  [2025-10-03 12:49:13] [INFO] 🔧 Compilation command: gcc -std=c99 -Wall -Wextra -g --coverage -fprofile-arcs -ftest-coverage /home/runner/work/check-C-test/check-C-test/tests_pr/chunk_0_tests.c -lcmocka -lgcov -o /home/runner/work/check-C-test/check-C-test/tests_pr/chunk_0_tests -I /home/runner/work/check-C-test/check-C-test
  [2025-10-03 12:49:14] [ERROR] ❌ Compilation failed
  [2025-10-03 12:49:14] [ERROR] /home/runner/work/check-C-test/check-C-test/tests_pr/chunk_0_tests.c: In function ‘test_add_normal_operation’:
/home/runner/work/check-C-test/check-C-test/tests_pr/chunk_0_tests.c:16:18: warning: implicit declaration of function ‘add’ [-Wimplicit-function-declaration]
   16 |     int actual = add(a, b);
      |                  ^~~
/home/runner/work/check-C-test/check-C-test/tests_pr/chunk_0_tests.c: In function ‘test_add_max_int’:
/home/runner/work/check-C-test/check-C-test/tests_pr/chunk_0_tests.c:51:28: warning: integer overflow in expression of type ‘int’ results in ‘-2147483648’ [-Woverflow]
   51 |     int expected = INT_MAX + 1;
      |                            ^
/home/runner/work/check-C-test/check-C-test/tests_pr/chunk_0_tests.c:52:9: warning: unused variable ‘actual’ [-Wunused-variable]
   52 |     int actual = add(a, b);
      |         ^~~~~~
/home/runner/work/check-C-test/check-C-test/tests_pr/chunk_0_tests.c:51:9: warning: unused variable ‘expected’ [-Wunused-variable]
   51 |     int expected = INT_MAX + 1;
      |         ^~~~~~~~
/home/runner/work/check-C-test/check-C-test/tests_pr/chunk_0_tests.c: In function ‘test_add_min_int’:
/home/runner/work/check-C-test/check-C-test/tests_pr/chunk_0_tests.c:61:28: warning: integer overflow in expression of type ‘int’ results in ‘2147483647’ [-Woverflow]
   61 |     int expected = INT_MIN - 1;
      |                            ^
/home/runner/work/check-C-test/check-C-test/tests_pr/chunk_0_tests.c:62:9: warning: unused variable ‘actual’ [-Wunused-variable]
   62 |     int actual = add(a, b);
      |         ^~~~~~
/home/runner/work/check-C-test/check-C-test/tests_pr/chunk_0_tests.c:61:9: warning: unused variable ‘expected’ [-Wunused-variable]
   61 |     int expected = INT_MIN - 1;
      |         ^~~~~~~~
/usr/bin/ld: /tmp/ccyNkDtC.o: in function `test_add_normal_operation':
/home/runner/work/check-C-test/check-C-test/tests_pr/chunk_0_tests.c:16:(.text+0x47): undefined reference to `add'
/usr/bin/ld: /tmp/ccyNkDtC.o: in function `test_add_negative_numbers':
/home/runner/work/check-C-test/check-C-test/tests_pr/chunk_0_tests.c:25:(.text+0xdb): undefined reference to `add'
/usr/bin/ld: /tmp/ccyNkDtC.o: in function `test_add_mixed_numbers':
/home/runner/work/check-C-test/check-C-test/tests_pr/chunk_0_tests.c:34:(.text+0x16f): undefined reference to `add'
/usr/bin/ld: /tmp/ccyNkDtC.o: in function `test_add_zero':
/home/runner/work/check-C-test/check-C-test/tests_pr/chunk_0_tests.c:43:(.text+0x203): undefined reference to `add'
/usr/bin/ld: /tmp/ccyNkDtC.o: in function `test_add_max_int':
/home/runner/work/check-C-test/check-C-test/tests_pr/chunk_0_tests.c:52:(.text+0x297): undefined reference to `add'
/usr/bin/ld: /tmp/ccyNkDtC.o:/home/runner/work/check-C-test/check-C-test/tests_pr/chunk_0_tests.c:62: more undefined references to `add' follow
collect2: error: ld returned 1 exit status

  [2025-10-03 12:49:14] [INFO] 📊 C Function Analysis Summary:
  [2025-10-03 12:49:14] [INFO]    Total Functions: 2
  [2025-10-03 12:49:14] [INFO]    Static Functions: 0
  [2025-10-03 12:49:14] [INFO]    Average Complexity: 1.0/10
  [2025-10-03 12:49:14] [INFO] 📊 Generating consolidated coverage reports...
  [2025-10-03 12:49:14] [INFO] 📊 Found version-specific gcov: gcov-11
  [2025-10-03 12:49:14] [INFO] 📊 Using gcov tool: gcov-11
  [2025-10-03 12:49:14] [INFO] 📊 Generating coverage for main.c...
  [2025-10-03 12:49:14] [SUCCESS] ✅ Coverage generated for main.c
  [2025-10-03 12:49:14] [WARNING] ⚠️ lcov capture failed: geninfo: ERROR: no .gcda files found in /home/runner/work/check-C-test/check-C-test
	(use "geninfo --ignore-errors empty ..." to bypass this error)

  [2025-10-03 12:49:14] [WARNING] ⚠️ Alternative coverage capture failed: geninfo: ERROR: no .gcda files found in /home/runner/work/check-C-test/check-C-test
	(use "geninfo --ignore-errors empty ..." to bypass this error)

  [2025-10-03 12:49:14] [INFO] 📄 JSON report saved: /home/runner/work/check-C-test/check-C-test/reports/c_test_automation_report_2025-10-03_12-49-14.json
  [2025-10-03 12:49:14] [INFO] 📄 XML report saved: /home/runner/work/check-C-test/check-C-test/reports/c_test_automation_report_2025-10-03_12-49-14.xml

============================================================
Report completed at: 2025-10-03 12:49:14