🚀 C Project Test Automation Report
Generated: 2025-09-15 15:13:45
Model Used: llama-3.3-70b-versatile
Execution Time: 1.64 seconds
Status: FAILED

============================================================

📁 CHANGED FILES:

  1. main.c
  2. reports/c_run_summary.txt

🔨 COMPILATION STATUS:

  main.c: ✅ SUCCESS
  generated_test_file: ✅ SUCCESS

🔍 ANALYZED C FUNCTIONS (2 total):

  1. int add (2 params) [Complexity: 2/10]
     File: main.c (lines 1-5)

  2. int main (void) [Complexity: 1/10]
     File: main.c (lines 5-18)

🧪 TEST RESULTS:
  Status: FAILURE

  Test Output:
  ────────────────────────────────────────
  Compilation failed: /home/runner/work/check-C-test/check-C-test/tests_pr/pr_generated_tests.c: In function ‘test_add_normal’:
  /home/runner/work/check-C-test/check-C-test/tests_pr/pr_generated_tests.c:15:36: warning: unused parameter ‘state’ [-Wunused-parameter]
     15 | static void test_add_normal(void **state) {
        |                             ~~~~~~~^~~~~
  /home/runner/work/check-C-test/check-C-test/tests_pr/pr_generated_tests.c: In function ‘test_add_edge_cases’:
  /home/runner/work/check-C-test/check-C-test/tests_pr/pr_generated_tests.c:21:40: warning: unused parameter ‘state’ [-Wunused-parameter]
     21 | static void test_add_edge_cases(void **state) {
        |                                 ~~~~~~~^~~~~
  /home/runner/work/check-C-test/check-C-test/tests_pr/pr_generated_tests.c: In function ‘test_add_large_numbers’:
  /home/runner/work/check-C-test/check-C-test/tests_pr/pr_generated_tests.c:31:43: warning: unused parameter ‘state’ [-Wunused-parameter]
     31 | static void test_add_large_numbers(void **state) {
        |                                    ~~~~~~~^~~~~
  /home/runner/work/check-C-test/check-C-test/tests_pr/pr_generated_tests.c: In function ‘test_add_negative_numbers’:
  /home/runner/work/check-C-test/check-C-test/tests_pr/pr_generated_tests.c:37:46: warning: unused parameter ‘state’ [-Wunused-parameter]
     37 | static void test_add_negative_numbers(void **state) {
  ────────────────────────────────────────

📝 EXECUTION LOGS (Last 25 entries):

  [2025-09-15 15:13:43] [INFO] 🚀 Starting C Project Test Automation
  [2025-09-15 15:13:43] [INFO] 📁 Detected 2 changed files: main.c, reports/c_run_summary.txt
  [2025-09-15 15:13:43] [INFO] 🔍 Analyzing C file: main.c
  [2025-09-15 15:13:43] [INFO] ✅ Found 2 functions in main.c
  [2025-09-15 15:13:43] [INFO] 📊 C Function Analysis Summary:
  [2025-09-15 15:13:43] [INFO]    Total Functions: 2
  [2025-09-15 15:13:43] [INFO]    Static Functions: 0
  [2025-09-15 15:13:43] [INFO]    Average Complexity: 1.5/10
  [2025-09-15 15:13:43] [INFO] 🧠 Generating C test cases using llama-3.3-70b-versatile...
  [2025-09-15 15:13:43] [INFO] 🤖 Generating C test code (attempt 1/3)...
  [2025-09-15 15:13:45] [SUCCESS] ✅ Generated valid-looking C test code
  [2025-09-15 15:13:45] [SUCCESS] ✅ Generated and saved C tests to /home/runner/work/check-C-test/check-C-test/tests_pr/pr_generated_tests.c
  [2025-09-15 15:13:45] [INFO] 🏃 Compiling and executing C tests...
  [2025-09-15 15:13:45] [INFO] 🔨 Compiling C tests from /home/runner/work/check-C-test/check-C-test/tests_pr/pr_generated_tests.c
  [2025-09-15 15:13:45] [INFO] 🔧 Compilation command: gcc -std=c99 -Wall -Wextra -g /home/runner/work/check-C-test/check-C-test/tests_pr/pr_generated_tests.c -lcmocka -o /home/runner/work/check-C-test/check-C-test/tests_pr/pr_generated_tests -I /home/runner/work/check-C-test/check-C-test
  [2025-09-15 15:13:45] [ERROR] ❌ Compilation failed
  [2025-09-15 15:13:45] [ERROR] /home/runner/work/check-C-test/check-C-test/tests_pr/pr_generated_tests.c: In function ‘test_add_normal’:
/home/runner/work/check-C-test/check-C-test/tests_pr/pr_generated_tests.c:15:36: warning: unused parameter ‘state’ [-Wunused-parameter]
   15 | static void test_add_normal(void **state) {
      |                             ~~~~~~~^~~~~
/home/runner/work/check-C-test/check-C-test/tests_pr/pr_generated_tests.c: In function ‘test_add_edge_cases’:
/home/runner/work/check-C-test/check-C-test/tests_pr/pr_generated_tests.c:21:40: warning: unused parameter ‘state’ [-Wunused-parameter]
   21 | static void test_add_edge_cases(void **state) {
      |                                 ~~~~~~~^~~~~
/home/runner/work/check-C-test/check-C-test/tests_pr/pr_generated_tests.c: In function ‘test_add_large_numbers’:
/home/runner/work/check-C-test/check-C-test/tests_pr/pr_generated_tests.c:31:43: warning: unused parameter ‘state’ [-Wunused-parameter]
   31 | static void test_add_large_numbers(void **state) {
      |                                    ~~~~~~~^~~~~
/home/runner/work/check-C-test/check-C-test/tests_pr/pr_generated_tests.c: In function ‘test_add_negative_numbers’:
/home/runner/work/check-C-test/check-C-test/tests_pr/pr_generated_tests.c:37:46: warning: unused parameter ‘state’ [-Wunused-parameter]
   37 | static void test_add_negative_numbers(void **state) {
      |                                       ~~~~~~~^~~~~
/home/runner/work/check-C-test/check-C-test/tests_pr/pr_generated_tests.c: In function ‘test_add_max_min_int’:
/home/runner/work/check-C-test/check-C-test/tests_pr/pr_generated_tests.c:44:22: error: ‘INT_MAX’ undeclared (first use in this function)
   44 |     int result = add(INT_MAX, 1);
      |                      ^~~~~~~
/home/runner/work/check-C-test/check-C-test/tests_pr/pr_generated_tests.c:8:1: note: ‘INT_MAX’ is defined in header ‘<limits.h>’; did you forget to ‘#include <limits.h>’?
    7 | #include <cmocka.h>
  +++ |+#include <limits.h>
    8 | 
/home/runner/work/check-C-test/check-C-test/tests_pr/pr_generated_tests.c:44:22: note: each undeclared identifier is reported only once for each function it appears in
   44 |     int result = add(INT_MAX, 1);
      |                      ^~~~~~~
/home/runner/work/check-C-test/check-C-test/tests_pr/pr_generated_tests.c:46:18: error: ‘INT_MIN’ undeclared (first use in this function)
   46 |     result = add(INT_MIN, -1);
      |                  ^~~~~~~
/home/runner/work/check-C-test/check-C-test/tests_pr/pr_generated_tests.c:46:18: note: ‘INT_MIN’ is defined in header ‘<limits.h>’; did you forget to ‘#include <limits.h>’?
/home/runner/work/check-C-test/check-C-test/tests_pr/pr_generated_tests.c:43:41: warning: unused parameter ‘state’ [-Wunused-parameter]
   43 | static void test_add_max_min_int(void **state) {
      |                                  ~~~~~~~^~~~~
/home/runner/work/check-C-test/check-C-test/tests_pr/pr_generated_tests.c: In function ‘test_main_valid_inputs’:
/home/runner/work/check-C-test/check-C-test/tests_pr/pr_generated_tests.c:51:43: warning: unused parameter ‘state’ [-Wunused-parameter]
   51 | static void test_main_valid_inputs(void **state) {
      |                                    ~~~~~~~^~~~~
At top level:
/home/runner/work/check-C-test/check-C-test/tests_pr/pr_generated_tests.c:51:13: warning: ‘test_main_valid_inputs’ defined but not used [-Wunused-function]
   51 | static void test_main_valid_inputs(void **state) {
      |             ^~~~~~~~~~~~~~~~~~~~~~

  [2025-09-15 15:13:45] [INFO] 📄 JSON report saved: /home/runner/work/check-C-test/check-C-test/reports/c_test_automation_report_2025-09-15_15-13-45.json
  [2025-09-15 15:13:45] [INFO] 📄 XML report saved: /home/runner/work/check-C-test/check-C-test/reports/c_test_automation_report_2025-09-15_15-13-45.xml

============================================================
Report completed at: 2025-09-15 15:13:45