ğŸš€ C Project Test Automation Report
Generated: 2025-09-15 15:13:45
Model Used: llama-3.3-70b-versatile
Execution Time: 1.64 seconds
Status: FAILED

============================================================

ğŸ“ CHANGED FILES:

  1. main.c
  2. reports/c_run_summary.txt

ğŸ”¨ COMPILATION STATUS:

  main.c: âœ… SUCCESS
  generated_test_file: âœ… SUCCESS

ğŸ” ANALYZED C FUNCTIONS (2 total):

  1. int add (2 params) [Complexity: 2/10]
     File: main.c (lines 1-5)

  2. int main (void) [Complexity: 1/10]
     File: main.c (lines 5-18)

ğŸ§ª TEST RESULTS:
  Status: FAILURE

  Test Output:
  â”€â”€â”€â”€â”€â”€â”€â”€â”€â”€â”€â”€â”€â”€â”€â”€â”€â”€â”€â”€â”€â”€â”€â”€â”€â”€â”€â”€â”€â”€â”€â”€â”€â”€â”€â”€â”€â”€â”€â”€
  Compilation failed: /home/runner/work/check-C-test/check-C-test/tests_pr/pr_generated_tests.c: In function â€˜test_add_normalâ€™:
  /home/runner/work/check-C-test/check-C-test/tests_pr/pr_generated_tests.c:15:36: warning: unused parameter â€˜stateâ€™ [-Wunused-parameter]
     15 | static void test_add_normal(void **state) {
        |                             ~~~~~~~^~~~~
  /home/runner/work/check-C-test/check-C-test/tests_pr/pr_generated_tests.c: In function â€˜test_add_edge_casesâ€™:
  /home/runner/work/check-C-test/check-C-test/tests_pr/pr_generated_tests.c:21:40: warning: unused parameter â€˜stateâ€™ [-Wunused-parameter]
     21 | static void test_add_edge_cases(void **state) {
        |                                 ~~~~~~~^~~~~
  /home/runner/work/check-C-test/check-C-test/tests_pr/pr_generated_tests.c: In function â€˜test_add_large_numbersâ€™:
  /home/runner/work/check-C-test/check-C-test/tests_pr/pr_generated_tests.c:31:43: warning: unused parameter â€˜stateâ€™ [-Wunused-parameter]
     31 | static void test_add_large_numbers(void **state) {
        |                                    ~~~~~~~^~~~~
  /home/runner/work/check-C-test/check-C-test/tests_pr/pr_generated_tests.c: In function â€˜test_add_negative_numbersâ€™:
  /home/runner/work/check-C-test/check-C-test/tests_pr/pr_generated_tests.c:37:46: warning: unused parameter â€˜stateâ€™ [-Wunused-parameter]
     37 | static void test_add_negative_numbers(void **state) {
  â”€â”€â”€â”€â”€â”€â”€â”€â”€â”€â”€â”€â”€â”€â”€â”€â”€â”€â”€â”€â”€â”€â”€â”€â”€â”€â”€â”€â”€â”€â”€â”€â”€â”€â”€â”€â”€â”€â”€â”€

ğŸ“ EXECUTION LOGS (Last 25 entries):

  [2025-09-15 15:13:43] [INFO] ğŸš€ Starting C Project Test Automation
  [2025-09-15 15:13:43] [INFO] ğŸ“ Detected 2 changed files: main.c, reports/c_run_summary.txt
  [2025-09-15 15:13:43] [INFO] ğŸ” Analyzing C file: main.c
  [2025-09-15 15:13:43] [INFO] âœ… Found 2 functions in main.c
  [2025-09-15 15:13:43] [INFO] ğŸ“Š C Function Analysis Summary:
  [2025-09-15 15:13:43] [INFO]    Total Functions: 2
  [2025-09-15 15:13:43] [INFO]    Static Functions: 0
  [2025-09-15 15:13:43] [INFO]    Average Complexity: 1.5/10
  [2025-09-15 15:13:43] [INFO] ğŸ§  Generating C test cases using llama-3.3-70b-versatile...
  [2025-09-15 15:13:43] [INFO] ğŸ¤– Generating C test code (attempt 1/3)...
  [2025-09-15 15:13:45] [SUCCESS] âœ… Generated valid-looking C test code
  [2025-09-15 15:13:45] [SUCCESS] âœ… Generated and saved C tests to /home/runner/work/check-C-test/check-C-test/tests_pr/pr_generated_tests.c
  [2025-09-15 15:13:45] [INFO] ğŸƒ Compiling and executing C tests...
  [2025-09-15 15:13:45] [INFO] ğŸ”¨ Compiling C tests from /home/runner/work/check-C-test/check-C-test/tests_pr/pr_generated_tests.c
  [2025-09-15 15:13:45] [INFO] ğŸ”§ Compilation command: gcc -std=c99 -Wall -Wextra -g /home/runner/work/check-C-test/check-C-test/tests_pr/pr_generated_tests.c -lcmocka -o /home/runner/work/check-C-test/check-C-test/tests_pr/pr_generated_tests -I /home/runner/work/check-C-test/check-C-test
  [2025-09-15 15:13:45] [ERROR] âŒ Compilation failed
  [2025-09-15 15:13:45] [ERROR] /home/runner/work/check-C-test/check-C-test/tests_pr/pr_generated_tests.c: In function â€˜test_add_normalâ€™:
/home/runner/work/check-C-test/check-C-test/tests_pr/pr_generated_tests.c:15:36: warning: unused parameter â€˜stateâ€™ [-Wunused-parameter]
   15 | static void test_add_normal(void **state) {
      |                             ~~~~~~~^~~~~
/home/runner/work/check-C-test/check-C-test/tests_pr/pr_generated_tests.c: In function â€˜test_add_edge_casesâ€™:
/home/runner/work/check-C-test/check-C-test/tests_pr/pr_generated_tests.c:21:40: warning: unused parameter â€˜stateâ€™ [-Wunused-parameter]
   21 | static void test_add_edge_cases(void **state) {
      |                                 ~~~~~~~^~~~~
/home/runner/work/check-C-test/check-C-test/tests_pr/pr_generated_tests.c: In function â€˜test_add_large_numbersâ€™:
/home/runner/work/check-C-test/check-C-test/tests_pr/pr_generated_tests.c:31:43: warning: unused parameter â€˜stateâ€™ [-Wunused-parameter]
   31 | static void test_add_large_numbers(void **state) {
      |                                    ~~~~~~~^~~~~
/home/runner/work/check-C-test/check-C-test/tests_pr/pr_generated_tests.c: In function â€˜test_add_negative_numbersâ€™:
/home/runner/work/check-C-test/check-C-test/tests_pr/pr_generated_tests.c:37:46: warning: unused parameter â€˜stateâ€™ [-Wunused-parameter]
   37 | static void test_add_negative_numbers(void **state) {
      |                                       ~~~~~~~^~~~~
/home/runner/work/check-C-test/check-C-test/tests_pr/pr_generated_tests.c: In function â€˜test_add_max_min_intâ€™:
/home/runner/work/check-C-test/check-C-test/tests_pr/pr_generated_tests.c:44:22: error: â€˜INT_MAXâ€™ undeclared (first use in this function)
   44 |     int result = add(INT_MAX, 1);
      |                      ^~~~~~~
/home/runner/work/check-C-test/check-C-test/tests_pr/pr_generated_tests.c:8:1: note: â€˜INT_MAXâ€™ is defined in header â€˜<limits.h>â€™; did you forget to â€˜#include <limits.h>â€™?
    7 | #include <cmocka.h>
  +++ |+#include <limits.h>
    8 | 
/home/runner/work/check-C-test/check-C-test/tests_pr/pr_generated_tests.c:44:22: note: each undeclared identifier is reported only once for each function it appears in
   44 |     int result = add(INT_MAX, 1);
      |                      ^~~~~~~
/home/runner/work/check-C-test/check-C-test/tests_pr/pr_generated_tests.c:46:18: error: â€˜INT_MINâ€™ undeclared (first use in this function)
   46 |     result = add(INT_MIN, -1);
      |                  ^~~~~~~
/home/runner/work/check-C-test/check-C-test/tests_pr/pr_generated_tests.c:46:18: note: â€˜INT_MINâ€™ is defined in header â€˜<limits.h>â€™; did you forget to â€˜#include <limits.h>â€™?
/home/runner/work/check-C-test/check-C-test/tests_pr/pr_generated_tests.c:43:41: warning: unused parameter â€˜stateâ€™ [-Wunused-parameter]
   43 | static void test_add_max_min_int(void **state) {
      |                                  ~~~~~~~^~~~~
/home/runner/work/check-C-test/check-C-test/tests_pr/pr_generated_tests.c: In function â€˜test_main_valid_inputsâ€™:
/home/runner/work/check-C-test/check-C-test/tests_pr/pr_generated_tests.c:51:43: warning: unused parameter â€˜stateâ€™ [-Wunused-parameter]
   51 | static void test_main_valid_inputs(void **state) {
      |                                    ~~~~~~~^~~~~
At top level:
/home/runner/work/check-C-test/check-C-test/tests_pr/pr_generated_tests.c:51:13: warning: â€˜test_main_valid_inputsâ€™ defined but not used [-Wunused-function]
   51 | static void test_main_valid_inputs(void **state) {
      |             ^~~~~~~~~~~~~~~~~~~~~~

  [2025-09-15 15:13:45] [INFO] ğŸ“„ JSON report saved: /home/runner/work/check-C-test/check-C-test/reports/c_test_automation_report_2025-09-15_15-13-45.json
  [2025-09-15 15:13:45] [INFO] ğŸ“„ XML report saved: /home/runner/work/check-C-test/check-C-test/reports/c_test_automation_report_2025-09-15_15-13-45.xml

============================================================
Report completed at: 2025-09-15 15:13:45