{
  "title": "ğŸš€ C Project Test Automation Report",
  "generated": "2025-09-15 15:13:45",
  "model_name": "llama-3.3-70b-versatile",
  "execution_time_seconds": 1.639213,
  "status": "FAILED",
  "changed_files": [
    "main.c",
    "reports/c_run_summary.txt"
  ],
  "compilation_status": {
    "main.c": true,
    "generated_test_file": true
  },
  "analyzed_functions": [
    {
      "name": "add",
      "file_path": "main.c",
      "line_start": 1,
      "line_end": 5,
      "return_type": "int",
      "parameters": [
        {
          "type": "int",
          "name": "a"
        },
        {
          "type": "int",
          "name": "b"
        }
      ],
      "is_static": false,
      "is_extern": false,
      "complexity_score": 2,
      "code_snippet": "#include <stdio.h>\n\nint add(int a, int b) {\n    return a + b + 1; // Intentional bug for testing\n}"
    },
    {
      "name": "main",
      "file_path": "main.c",
      "line_start": 5,
      "line_end": 18,
      "return_type": "int",
      "parameters": [],
      "is_static": false,
      "is_extern": false,
      "complexity_score": 1,
      "code_snippet": "}\n\nint main() {\n    int num1, num2, result;\n    \n    printf(\"Enter two numbers: \");\n    scanf(\"%d %d\", &num1, &num2);\n    \n    result = add(num1, num2);\n    \n    printf(\"Sum: %d\\n\", result);\n    \n    ..."
    }
  ],
  "test_results": {
    "status": "failure",
    "output": "Compilation failed: /home/runner/work/check-C-test/check-C-test/tests_pr/pr_generated_tests.c: In function â€˜test_add_normalâ€™:\n/home/runner/work/check-C-test/check-C-test/tests_pr/pr_generated_tests.c:15:36: warning: unused parameter â€˜stateâ€™ [-Wunused-parameter]\n   15 | static void test_add_normal(void **state) {\n      |                             ~~~~~~~^~~~~\n/home/runner/work/check-C-test/check-C-test/tests_pr/pr_generated_tests.c: In function â€˜test_add_edge_casesâ€™:\n/home/runner/work/check-C-test/check-C-test/tests_pr/pr_generated_tests.c:21:40: warning: unused parameter â€˜stateâ€™ [-Wunused-parameter]\n   21 | static void test_add_edge_cases(void **state) {\n      |                                 ~~~~~~~^~~~~\n/home/runner/work/check-C-test/check-C-test/tests_pr/pr_generated_tests.c: In function â€˜test_add_large_numbersâ€™:\n/home/runner/work/check-C-test/check-C-test/tests_pr/pr_generated_tests.c:31:43: warning: unused parameter â€˜stateâ€™ [-Wunused-parameter]\n   31 | static void test_add_large_numbers(void **state) {\n      |                                    ~~~~~~~^~~~~\n/home/runner/work/check-C-test/check-C-test/tests_pr/pr_generated_tests.c: In function â€˜test_add_negative_numbersâ€™:\n/home/runner/work/check-C-test/check-C-test/tests_pr/pr_generated_tests.c:37:46: warning: unused parameter â€˜stateâ€™ [-Wunused-parameter]\n   37 | static void test_add_negative_numbers(void **state) {\n      |                                       ~~~~~~~^~~~~\n/home/runner/work/check-C-test/check-C-test/tests_pr/pr_generated_tests.c: In function â€˜test_add_max_min_intâ€™:\n/home/runner/work/check-C-test/check-C-test/tests_pr/pr_generated_tests.c:44:22: error: â€˜INT_MAXâ€™ undeclared (first use in this function)\n   44 |     int result = add(INT_MAX, 1);\n      |                      ^~~~~~~\n/home/runner/work/check-C-test/check-C-test/tests_pr/pr_generated_tests.c:8:1: note: â€˜INT_MAXâ€™ is defined in header â€˜<limits.h>â€™; did you forget to â€˜#include <limits.h>â€™?\n    7 | #include <cmocka.h>\n  +++ |+#include <limits.h>\n    8 | \n/home/runner/work/check-C-test/check-C-test/tests_pr/pr_generated_tests.c:44:22: note: each undeclared identifier is reported only once for each function it appears in\n   44 |     int result = add(INT_MAX, 1);\n      |                      ^~~~~~~\n/home/runner/work/check-C-test/check-C-test/tests_pr/pr_generated_tests.c:46:18: error: â€˜INT_MINâ€™ undeclared (first use in this function)\n   46 |     result = add(INT_MIN, -1);\n      |                  ^~~~~~~\n/home/runner/work/check-C-test/check-C-test/tests_pr/pr_generated_tests.c:46:18: note: â€˜INT_MINâ€™ is defined in header â€˜<limits.h>â€™; did you forget to â€˜#include <limits.h>â€™?\n/home/runner/work/check-C-test/check-C-test/tests_pr/pr_generated_tests.c:43:41: warning: unused parameter â€˜stateâ€™ [-Wunused-parameter]\n   43 | static void test_add_max_min_int(void **state) {\n      |                                  ~~~~~~~^~~~~\n/home/runner/work/check-C-test/check-C-test/tests_pr/pr_generated_tests.c: In function â€˜test_main_valid_inputsâ€™:\n/home/runner/work/check-C-test/check-C-test/tests_pr/pr_generated_tests.c:51:43: warning: unused parameter â€˜stateâ€™ [-Wunused-parameter]\n   51 | static void test_main_valid_inputs(void **state) {\n      |                                    ~~~~~~~^~~~~\nAt top level:\n/home/runner/work/check-C-test/check-C-test/tests_pr/pr_generated_tests.c:51:13: warning: â€˜test_main_valid_inputsâ€™ defined but not used [-Wunused-function]\n   51 | static void test_main_valid_inputs(void **state) {\n      |             ^~~~~~~~~~~~~~~~~~~~~~\n",
    "test_cases": []
  },
  "test_cases": [],
  "coverage_metrics": {},
  "execution_logs": [
    "[2025-09-15 15:13:43] [INFO] ğŸš€ Starting C Project Test Automation",
    "[2025-09-15 15:13:43] [INFO] ğŸ“ Detected 2 changed files: main.c, reports/c_run_summary.txt",
    "[2025-09-15 15:13:43] [INFO] ğŸ” Analyzing C file: main.c",
    "[2025-09-15 15:13:43] [INFO] âœ… Found 2 functions in main.c",
    "[2025-09-15 15:13:43] [INFO] ğŸ“Š C Function Analysis Summary:",
    "[2025-09-15 15:13:43] [INFO]    Total Functions: 2",
    "[2025-09-15 15:13:43] [INFO]    Static Functions: 0",
    "[2025-09-15 15:13:43] [INFO]    Average Complexity: 1.5/10",
    "[2025-09-15 15:13:43] [INFO] ğŸ§  Generating C test cases using llama-3.3-70b-versatile...",
    "[2025-09-15 15:13:43] [INFO] ğŸ¤– Generating C test code (attempt 1/3)...",
    "[2025-09-15 15:13:45] [SUCCESS] âœ… Generated valid-looking C test code",
    "[2025-09-15 15:13:45] [SUCCESS] âœ… Generated and saved C tests to /home/runner/work/check-C-test/check-C-test/tests_pr/pr_generated_tests.c",
    "[2025-09-15 15:13:45] [INFO] ğŸƒ Compiling and executing C tests...",
    "[2025-09-15 15:13:45] [INFO] ğŸ”¨ Compiling C tests from /home/runner/work/check-C-test/check-C-test/tests_pr/pr_generated_tests.c",
    "[2025-09-15 15:13:45] [INFO] ğŸ”§ Compilation command: gcc -std=c99 -Wall -Wextra -g /home/runner/work/check-C-test/check-C-test/tests_pr/pr_generated_tests.c -lcmocka -o /home/runner/work/check-C-test/check-C-test/tests_pr/pr_generated_tests -I /home/runner/work/check-C-test/check-C-test",
    "[2025-09-15 15:13:45] [ERROR] âŒ Compilation failed",
    "[2025-09-15 15:13:45] [ERROR] /home/runner/work/check-C-test/check-C-test/tests_pr/pr_generated_tests.c: In function â€˜test_add_normalâ€™:\n/home/runner/work/check-C-test/check-C-test/tests_pr/pr_generated_tests.c:15:36: warning: unused parameter â€˜stateâ€™ [-Wunused-parameter]\n   15 | static void test_add_normal(void **state) {\n      |                             ~~~~~~~^~~~~\n/home/runner/work/check-C-test/check-C-test/tests_pr/pr_generated_tests.c: In function â€˜test_add_edge_casesâ€™:\n/home/runner/work/check-C-test/check-C-test/tests_pr/pr_generated_tests.c:21:40: warning: unused parameter â€˜stateâ€™ [-Wunused-parameter]\n   21 | static void test_add_edge_cases(void **state) {\n      |                                 ~~~~~~~^~~~~\n/home/runner/work/check-C-test/check-C-test/tests_pr/pr_generated_tests.c: In function â€˜test_add_large_numbersâ€™:\n/home/runner/work/check-C-test/check-C-test/tests_pr/pr_generated_tests.c:31:43: warning: unused parameter â€˜stateâ€™ [-Wunused-parameter]\n   31 | static void test_add_large_numbers(void **state) {\n      |                                    ~~~~~~~^~~~~\n/home/runner/work/check-C-test/check-C-test/tests_pr/pr_generated_tests.c: In function â€˜test_add_negative_numbersâ€™:\n/home/runner/work/check-C-test/check-C-test/tests_pr/pr_generated_tests.c:37:46: warning: unused parameter â€˜stateâ€™ [-Wunused-parameter]\n   37 | static void test_add_negative_numbers(void **state) {\n      |                                       ~~~~~~~^~~~~\n/home/runner/work/check-C-test/check-C-test/tests_pr/pr_generated_tests.c: In function â€˜test_add_max_min_intâ€™:\n/home/runner/work/check-C-test/check-C-test/tests_pr/pr_generated_tests.c:44:22: error: â€˜INT_MAXâ€™ undeclared (first use in this function)\n   44 |     int result = add(INT_MAX, 1);\n      |                      ^~~~~~~\n/home/runner/work/check-C-test/check-C-test/tests_pr/pr_generated_tests.c:8:1: note: â€˜INT_MAXâ€™ is defined in header â€˜<limits.h>â€™; did you forget to â€˜#include <limits.h>â€™?\n    7 | #include <cmocka.h>\n  +++ |+#include <limits.h>\n    8 | \n/home/runner/work/check-C-test/check-C-test/tests_pr/pr_generated_tests.c:44:22: note: each undeclared identifier is reported only once for each function it appears in\n   44 |     int result = add(INT_MAX, 1);\n      |                      ^~~~~~~\n/home/runner/work/check-C-test/check-C-test/tests_pr/pr_generated_tests.c:46:18: error: â€˜INT_MINâ€™ undeclared (first use in this function)\n   46 |     result = add(INT_MIN, -1);\n      |                  ^~~~~~~\n/home/runner/work/check-C-test/check-C-test/tests_pr/pr_generated_tests.c:46:18: note: â€˜INT_MINâ€™ is defined in header â€˜<limits.h>â€™; did you forget to â€˜#include <limits.h>â€™?\n/home/runner/work/check-C-test/check-C-test/tests_pr/pr_generated_tests.c:43:41: warning: unused parameter â€˜stateâ€™ [-Wunused-parameter]\n   43 | static void test_add_max_min_int(void **state) {\n      |                                  ~~~~~~~^~~~~\n/home/runner/work/check-C-test/check-C-test/tests_pr/pr_generated_tests.c: In function â€˜test_main_valid_inputsâ€™:\n/home/runner/work/check-C-test/check-C-test/tests_pr/pr_generated_tests.c:51:43: warning: unused parameter â€˜stateâ€™ [-Wunused-parameter]\n   51 | static void test_main_valid_inputs(void **state) {\n      |                                    ~~~~~~~^~~~~\nAt top level:\n/home/runner/work/check-C-test/check-C-test/tests_pr/pr_generated_tests.c:51:13: warning: â€˜test_main_valid_inputsâ€™ defined but not used [-Wunused-function]\n   51 | static void test_main_valid_inputs(void **state) {\n      |             ^~~~~~~~~~~~~~~~~~~~~~\n"
  ]
}