ðŸš€ C Project Test Automation Report
Generated: 2025-09-24 18:13:13
Model Used: llama-3.3-70b-versatile
Execution Time: 4.61 seconds
Status: FAILED

============================================================

ðŸ“ CHANGED FILES:

  1. main.c

ðŸ”¨ COMPILATION STATUS:

  main.c: âœ… SUCCESS

ðŸ” ANALYZED C FUNCTIONS (3 total):

  1. int add (3 params) [Complexity: 1/10]
     File: main.c (lines 1-5)

  2. int mul2 (2 params) [Complexity: 1/10]
     File: main.c (lines 5-9)

  3. int main (void) [Complexity: 1/10]
     File: main.c (lines 9-23)

ðŸ§© INTELLIGENT TEST CHUNKING:
  Total Chunks: 2

  ðŸ“¦ chunk_0: UNIT testing (1 functions)
  ðŸ“¦ chunk_1: UNIT testing (1 functions)

ðŸ§ª TEST RESULTS:
  Status: FAILURE

ðŸ“‹ INDIVIDUAL TEST CASES:

  1. test_mul2_positive
     Status: âœ… PASS
     Purpose: Tests mul2 with positive values

  2. test_mul2_negative
     Status: âœ… PASS
     Purpose: Tests mul2 with negative values

  3. test_mul2_zero
     Status: âœ… PASS
     Purpose: Tests behavior with zero values

  4. test_mul2_large
     Status: âŒ FAIL
     Purpose: Tests mul2 with maximum/large values
     Reason: Test assertion failed

  5. test_mul2_overflow
     Status: âŒ FAIL
     Purpose: Tests integer overflow behavior
     Reason: Test assertion failed

  6. tests
     Status: âŒ FAIL
     Reason: Test assertion failed

  7. test_mul2_large
     Status: âŒ FAIL
     Purpose: Tests mul2 with maximum/large values
     Reason: Test assertion failed

  8. test_mul2_overflow
     Status: âŒ FAIL
     Purpose: Tests integer overflow behavior
     Reason: Test assertion failed

  9. test_main_valid_input
     Status: âœ… PASS
     Purpose: Tests main functionality with specific input conditions

  10. test_main_mul2_valid_input
     Status: âœ… PASS
     Purpose: Tests main functionality with specific input conditions

  11. test_main_edge_cases
     Status: âŒ FAIL
     Purpose: Tests uncommon or edge case scenarios
     Reason: Test assertion failed

  12. test_main_mul2_edge_cases
     Status: âŒ FAIL
     Purpose: Tests uncommon or edge case scenarios
     Reason: Test assertion failed

  13. tests
     Status: âŒ FAIL
     Reason: Test assertion failed

  14. test_main_edge_cases
     Status: âŒ FAIL
     Purpose: Tests uncommon or edge case scenarios
     Reason: Test assertion failed

  15. test_main_mul2_edge_cases
     Status: âŒ FAIL
     Purpose: Tests uncommon or edge case scenarios
     Reason: Test assertion failed

  Test Output:
  â”€â”€â”€â”€â”€â”€â”€â”€â”€â”€â”€â”€â”€â”€â”€â”€â”€â”€â”€â”€â”€â”€â”€â”€â”€â”€â”€â”€â”€â”€â”€â”€â”€â”€â”€â”€â”€â”€â”€â”€
  [==========] tests: Running 5 test(s).
  [ RUN      ] test_mul2_positive
  [       OK ] test_mul2_positive
  [ RUN      ] test_mul2_negative
  [       OK ] test_mul2_negative
  [ RUN      ] test_mul2_zero
  [       OK ] test_mul2_zero
  [ RUN      ] test_mul2_large
  [  FAILED  ] test_mul2_large
  [ RUN      ] test_mul2_overflow
  [  FAILED  ] test_mul2_overflow
  [==========] tests: 5 test(s) run.
  
  [  ERROR   ] --- 0xfffffffffffffffe != 0xffffffff80000002
  [   LINE   ] --- /home/runner/work/check-C-test/check-C-test/tests_pr/chunk_0_tests.c:40: error: Failure!
  â”€â”€â”€â”€â”€â”€â”€â”€â”€â”€â”€â”€â”€â”€â”€â”€â”€â”€â”€â”€â”€â”€â”€â”€â”€â”€â”€â”€â”€â”€â”€â”€â”€â”€â”€â”€â”€â”€â”€â”€

ðŸ“Š CODE COVERAGE:

  No coverage data available

  Line Coverage: 92.0%
  Function Coverage: 100.0%
  Branch Coverage: 0.0%

  ðŸ“ File Coverage Details:
    main.c: 0.0% (0/0 lines)
  ðŸ“‹ HTML Report: /home/runner/work/check-C-test/check-C-test/coverage/html/index.html

ðŸ“ EXECUTION LOGS (Last 25 entries):

  [2025-09-24 18:13:12] [INFO] ðŸ”¨ Compiling C tests from /home/runner/work/check-C-test/check-C-test/tests_pr/chunk_1_tests.c
  [2025-09-24 18:13:12] [INFO] ðŸ”§ Compilation command: gcc -std=c99 -Wall -Wextra -g --coverage -fprofile-arcs -ftest-coverage /home/runner/work/check-C-test/check-C-test/tests_pr/chunk_1_tests.c -lcmocka -lgcov -o /home/runner/work/check-C-test/check-C-test/tests_pr/chunk_1_tests -I /home/runner/work/check-C-test/check-C-test
  [2025-09-24 18:13:12] [SUCCESS] âœ… Compilation successful
  [2025-09-24 18:13:12] [INFO] ðŸ§ª Executing C tests: /home/runner/work/check-C-test/check-C-test/tests_pr/chunk_1_tests
  [2025-09-24 18:13:12] [INFO] ðŸ“Š Generating code coverage reports...
  [2025-09-24 18:13:12] [INFO] ðŸ“Š Found version-specific gcov: gcov-11
  [2025-09-24 18:13:12] [INFO] ðŸ“Š Using gcov tool: gcov-11
  [2025-09-24 18:13:12] [INFO] ðŸ“Š Generating coverage for main.c...
  [2025-09-24 18:13:12] [SUCCESS] âœ… Coverage generated for main.c
  [2025-09-24 18:13:13] [SUCCESS] âœ… HTML coverage report generated
  [2025-09-24 18:13:13] [ERROR] âŒ Some tests failed
  [2025-09-24 18:13:13] [ERROR] [==========] tests: Running 4 test(s).
[ RUN      ] test_main_valid_input
[       OK ] test_main_valid_input
[ RUN      ] test_main_edge_cases
[  FAILED  ] test_main_edge_cases
[ RUN      ] test_main_mul2_valid_input
[       OK ] test_main_mul2_valid_input
[ RUN      ] test_main_mul2_edge_cases
[  FAILED  ] test_main_mul2_edge_cases
[==========] tests: 4 test(s) run.

  [2025-09-24 18:13:13] [ERROR] [  ERROR   ] --- result > INT_MAX
[   LINE   ] --- /home/runner/work/check-C-test/check-C-test/tests_pr/chunk_1_tests.c:37: error: Failure!
[  ERROR   ] --- result > INT_MAX
[   LINE   ] --- /home/runner/work/check-C-test/check-C-test/tests_pr/chunk_1_tests.c:57: error: Failure!
[  PASSED  ] 2 test(s).
[  FAILED  ] tests: 2 test(s), listed below:
[  FAILED  ] test_main_edge_cases
[  FAILED  ] test_main_mul2_edge_cases

 2 FAILED TEST(S)

  [2025-09-24 18:13:13] [INFO] ðŸ“Š C Function Analysis Summary:
  [2025-09-24 18:13:13] [INFO]    Total Functions: 3
  [2025-09-24 18:13:13] [INFO]    Static Functions: 0
  [2025-09-24 18:13:13] [INFO]    Average Complexity: 1.0/10
  [2025-09-24 18:13:13] [INFO] ðŸ“Š Generating consolidated coverage reports...
  [2025-09-24 18:13:13] [INFO] ðŸ“Š Found version-specific gcov: gcov-11
  [2025-09-24 18:13:13] [INFO] ðŸ“Š Using gcov tool: gcov-11
  [2025-09-24 18:13:13] [INFO] ðŸ“Š Generating coverage for main.c...
  [2025-09-24 18:13:13] [SUCCESS] âœ… Coverage generated for main.c
  [2025-09-24 18:13:13] [SUCCESS] âœ… HTML coverage report generated
  [2025-09-24 18:13:13] [INFO] ðŸ“„ JSON report saved: /home/runner/work/check-C-test/check-C-test/reports/c_test_automation_report_2025-09-24_18-13-13.json
  [2025-09-24 18:13:13] [INFO] ðŸ“„ XML report saved: /home/runner/work/check-C-test/check-C-test/reports/c_test_automation_report_2025-09-24_18-13-13.xml

============================================================
Report completed at: 2025-09-24 18:13:13