<c_test_automation_report><header><title>ğŸš€ C Project Test Automation Report</title><generated>2025-09-15 15:13:45</generated><model_name>llama-3.3-70b-versatile</model_name><execution_time_seconds>1.639213</execution_time_seconds><status>FAILED</status></header><compilation_status><file name="main.c">True</file><file name="generated_test_file">True</file></compilation_status><analyzed_functions><count>2</count><function><name>add</name><file_path>main.c</file_path><return_type>int</return_type><complexity_score>2</complexity_score><is_static>False</is_static></function><function><name>main</name><file_path>main.c</file_path><return_type>int</return_type><complexity_score>1</complexity_score><is_static>False</is_static></function></analyzed_functions><test_results><status>failure</status><output>Compilation failed: /home/runner/work/check-C-test/check-C-test/tests_pr/pr_generated_tests.c: In function â€˜test_add_normalâ€™:
/home/runner/work/check-C-test/check-C-test/tests_pr/pr_generated_tests.c:15:36: warning: unused parameter â€˜stateâ€™ [-Wunused-parameter]
   15 | static void test_add_normal(void **state) {
      |                             ~~~~~~~^~~~~
/home/runner/work/check-C-test/check-C-test/tests_pr/pr_generated_tests.c: In function â€˜test_add_edge_casesâ€™:
/home/runner/work/check-C-test/check-C-test/tests_pr/pr_generated_tests.c:21:40: warning: unused parameter â€˜stateâ€™ [-Wunused-parameter]
   21 | static void test_add_edge_cases(void **state) {
      |                                 ~~~~~~~^~~~~
/home/runner/work/check-C-test/check-C-test/tests_pr/pr_generated_tests.c: In function â€˜test_add_large_numbersâ€™:
/home/runner/work/check-C-test/check-C-test/tests_pr/pr_generated_tests.c:31:43: warning: unused parameter â€˜stateâ€™ [-Wunused-parameter]
   31 | static void test_add_large_numbers(void **state) {
      |                                    ~~~~~~~^~~~~
/home/runner/work/check-C-test/check-C-test/tests_pr/pr_generated_tests.c: In function â€˜test_add_negative_numbersâ€™:
/home/runner/work/check-C-test/check-C-test/tests_pr/pr_generated_tests.c:37:46: warning: unused parameter â€˜stateâ€™ [-Wunused-parameter]
   37 | static void test_add_negative_numbers(void **state) {
      |                                       ~~~~~~~^~~~~
/home/runner/work/check-C-test/check-C-test/tests_pr/pr_generated_tests.c: In function â€˜test_add_max_min_intâ€™:
/home/runner/work/check-C-test/check-C-test/tests_pr/pr_generated_tests.c:44:22: error: â€˜INT_MAXâ€™ undeclared (first use in this function)
   44 |     int result = add(INT_MAX, 1);
      |                      ^~~~~~~
/home/runner/work/check-C-test/check-C-test/tests_pr/pr_generated_tests.c:8:1: note: â€˜INT_MAXâ€™ is defined in header â€˜&lt;limits.h&gt;â€™; did you forget to â€˜#include &lt;limits.h&gt;â€™?
    7 | #include &lt;cmocka.h&gt;
  +++ |+#include &lt;limits.h&gt;
    8 | 
/home/runner/work/check-C-test/check-C-test/tests_pr/pr_generated_tests.c:44:22: note: each undeclared identifier is reported only once for each function it appears in
   44 |     int result = add(INT_MAX, 1);
      |                      ^~~~~~~
/home/runner/work/check-C-test/check-C-test/tests_pr/pr_generated_tests.c:46:18: error: â€˜INT_MINâ€™ undeclared (first use in this function)
   46 |     result = add(INT_MIN, -1);
      |                  ^~~~~~~
/home/runner/work/check-C-test/check-C-test/tests_pr/pr_generated_tests.c:46:18: note: â€˜INT_MINâ€™ is defined in header â€˜&lt;limits.h&gt;â€™; did you forget to â€˜#include &lt;limits.h&gt;â€™?
/home/runner/work/check-C-test/check-C-test/tests_pr/pr_generated_tests.c:43:41: warning: unused parameter â€˜stateâ€™ [-Wunused-parameter]
   43 | static void test_add_max_min_int(void **state) {
      |                                  ~~~~~~~^~~~~
/home/runner/work/check-C-test/check-C-test/tests_pr/pr_generated_tests.c: In function â€˜test_main_valid_inputsâ€™:
/home/runner/work/check-C-test/check-C-test/tests_pr/pr_generated_tests.c:51:43: warning: unused parameter â€˜stateâ€™ [-Wunused-parameter]
   51 | static void test_main_valid_inputs(void **state) {
      |                                    ~~~~~~~^~~~~
At top level:
/home/runner/work/check-C-test/check-C-test/tests_pr/pr_generated_tests.c:51:13: warning: â€˜test_main_valid_inputsâ€™ defined but not used [-Wunused-function]
   51 | static void test_main_valid_inputs(void **state) {
      |             ^~~~~~~~~~~~~~~~~~~~~~
</output></test_results><test_cases /></c_test_automation_report>