<c_test_automation_report><header><title>ðŸš€ C Project Test Automation Report</title><generated>2025-10-03 12:49:14</generated><model_name>llama-3.3-70b-versatile</model_name><execution_time_seconds>2.345215</execution_time_seconds><status>FAILED</status></header><compilation_status><file name="main.c">True</file></compilation_status><analyzed_functions><count>2</count><function><name>add</name><file_path>main.c</file_path><return_type>int</return_type><complexity_score>1</complexity_score><is_static>False</is_static></function><function><name>main</name><file_path>main.c</file_path><return_type>int</return_type><complexity_score>1</complexity_score><is_static>False</is_static></function></analyzed_functions><test_results><status>failure</status><output>Compilation failed: /home/runner/work/check-C-test/check-C-test/tests_pr/chunk_0_tests.c: In function â€˜test_add_normal_operationâ€™:
/home/runner/work/check-C-test/check-C-test/tests_pr/chunk_0_tests.c:16:18: warning: implicit declaration of function â€˜addâ€™ [-Wimplicit-function-declaration]
   16 |     int actual = add(a, b);
      |                  ^~~
/home/runner/work/check-C-test/check-C-test/tests_pr/chunk_0_tests.c: In function â€˜test_add_max_intâ€™:
/home/runner/work/check-C-test/check-C-test/tests_pr/chunk_0_tests.c:51:28: warning: integer overflow in expression of type â€˜intâ€™ results in â€˜-2147483648â€™ [-Woverflow]
   51 |     int expected = INT_MAX + 1;
      |                            ^
/home/runner/work/check-C-test/check-C-test/tests_pr/chunk_0_tests.c:52:9: warning: unused variable â€˜actualâ€™ [-Wunused-variable]
   52 |     int actual = add(a, b);
      |         ^~~~~~
/home/runner/work/check-C-test/check-C-test/tests_pr/chunk_0_tests.c:51:9: warning: unused variable â€˜expectedâ€™ [-Wunused-variable]
   51 |     int expected = INT_MAX + 1;
      |         ^~~~~~~~
/home/runner/work/check-C-test/check-C-test/tests_pr/chunk_0_tests.c: In function â€˜test_add_min_intâ€™:
/home/runner/work/check-C-test/check-C-test/tests_pr/chunk_0_tests.c:61:28: warning: integer overflow in expression of type â€˜intâ€™ results in â€˜2147483647â€™ [-Woverflow]
   61 |     int expected = INT_MIN - 1;
      |                            ^
/home/runner/work/check-C-test/check-C-test/tests_pr/chunk_0_tests.c:62:9: warning: unused variable â€˜actualâ€™ [-Wunused-variable]
   62 |     int actual = add(a, b);
      |         ^~~~~~
/home/runner/work/check-C-test/check-C-test/tests_pr/chunk_0_tests.c:61:9: warning: unused variable â€˜expectedâ€™ [-Wunused-variable]
   61 |     int expected = INT_MIN - 1;
      |         ^~~~~~~~
/usr/bin/ld: /tmp/ccyNkDtC.o: in function `test_add_normal_operation':
/home/runner/work/check-C-test/check-C-test/tests_pr/chunk_0_tests.c:16:(.text+0x47): undefined reference to `add'
/usr/bin/ld: /tmp/ccyNkDtC.o: in function `test_add_negative_numbers':
/home/runner/work/check-C-test/check-C-test/tests_pr/chunk_0_tests.c:25:(.text+0xdb): undefined reference to `add'
/usr/bin/ld: /tmp/ccyNkDtC.o: in function `test_add_mixed_numbers':
/home/runner/work/check-C-test/check-C-test/tests_pr/chunk_0_tests.c:34:(.text+0x16f): undefined reference to `add'
/usr/bin/ld: /tmp/ccyNkDtC.o: in function `test_add_zero':
/home/runner/work/check-C-test/check-C-test/tests_pr/chunk_0_tests.c:43:(.text+0x203): undefined reference to `add'
/usr/bin/ld: /tmp/ccyNkDtC.o: in function `test_add_max_int':
/home/runner/work/check-C-test/check-C-test/tests_pr/chunk_0_tests.c:52:(.text+0x297): undefined reference to `add'
/usr/bin/ld: /tmp/ccyNkDtC.o:/home/runner/work/check-C-test/check-C-test/tests_pr/chunk_0_tests.c:62: more undefined references to `add' follow
collect2: error: ld returned 1 exit status
</output></test_results><test_cases /></c_test_automation_report>