{
  "title": "ğŸš€ C Project Test Automation Report",
  "generated": "2025-10-03 12:49:14",
  "model_name": "llama-3.3-70b-versatile",
  "execution_time_seconds": 2.345215,
  "status": "FAILED",
  "changed_files": [
    "main.c"
  ],
  "compilation_status": {
    "main.c": true
  },
  "analyzed_functions": [
    {
      "name": "add",
      "file_path": "main.c",
      "line_start": 1,
      "line_end": 5,
      "return_type": "int",
      "parameters": [
        {
          "type": "int",
          "name": "a"
        },
        {
          "type": "int",
          "name": "b"
        }
      ],
      "is_static": false,
      "is_extern": false,
      "complexity_score": 1,
      "code_snippet": "#include <stdio.h>\n\nint add(int a, int b) {\n    return a + b;\n}"
    },
    {
      "name": "main",
      "file_path": "main.c",
      "line_start": 5,
      "line_end": 18,
      "return_type": "int",
      "parameters": [],
      "is_static": false,
      "is_extern": false,
      "complexity_score": 1,
      "code_snippet": "}\n\n\nint main() {\n    int num1, num2, result;\n    \n    printf(\"Enter three numbers: \");\n    scanf(\"%d %d\", &num1, &num2);\n    \n    result = add(num1, num2);\n    \n    printf(\"Sum: %d\\n\", result);\n    re..."
    }
  ],
  "test_results": {
    "status": "failure",
    "output": "Compilation failed: /home/runner/work/check-C-test/check-C-test/tests_pr/chunk_0_tests.c: In function â€˜test_add_normal_operationâ€™:\n/home/runner/work/check-C-test/check-C-test/tests_pr/chunk_0_tests.c:16:18: warning: implicit declaration of function â€˜addâ€™ [-Wimplicit-function-declaration]\n   16 |     int actual = add(a, b);\n      |                  ^~~\n/home/runner/work/check-C-test/check-C-test/tests_pr/chunk_0_tests.c: In function â€˜test_add_max_intâ€™:\n/home/runner/work/check-C-test/check-C-test/tests_pr/chunk_0_tests.c:51:28: warning: integer overflow in expression of type â€˜intâ€™ results in â€˜-2147483648â€™ [-Woverflow]\n   51 |     int expected = INT_MAX + 1;\n      |                            ^\n/home/runner/work/check-C-test/check-C-test/tests_pr/chunk_0_tests.c:52:9: warning: unused variable â€˜actualâ€™ [-Wunused-variable]\n   52 |     int actual = add(a, b);\n      |         ^~~~~~\n/home/runner/work/check-C-test/check-C-test/tests_pr/chunk_0_tests.c:51:9: warning: unused variable â€˜expectedâ€™ [-Wunused-variable]\n   51 |     int expected = INT_MAX + 1;\n      |         ^~~~~~~~\n/home/runner/work/check-C-test/check-C-test/tests_pr/chunk_0_tests.c: In function â€˜test_add_min_intâ€™:\n/home/runner/work/check-C-test/check-C-test/tests_pr/chunk_0_tests.c:61:28: warning: integer overflow in expression of type â€˜intâ€™ results in â€˜2147483647â€™ [-Woverflow]\n   61 |     int expected = INT_MIN - 1;\n      |                            ^\n/home/runner/work/check-C-test/check-C-test/tests_pr/chunk_0_tests.c:62:9: warning: unused variable â€˜actualâ€™ [-Wunused-variable]\n   62 |     int actual = add(a, b);\n      |         ^~~~~~\n/home/runner/work/check-C-test/check-C-test/tests_pr/chunk_0_tests.c:61:9: warning: unused variable â€˜expectedâ€™ [-Wunused-variable]\n   61 |     int expected = INT_MIN - 1;\n      |         ^~~~~~~~\n/usr/bin/ld: /tmp/ccyNkDtC.o: in function `test_add_normal_operation':\n/home/runner/work/check-C-test/check-C-test/tests_pr/chunk_0_tests.c:16:(.text+0x47): undefined reference to `add'\n/usr/bin/ld: /tmp/ccyNkDtC.o: in function `test_add_negative_numbers':\n/home/runner/work/check-C-test/check-C-test/tests_pr/chunk_0_tests.c:25:(.text+0xdb): undefined reference to `add'\n/usr/bin/ld: /tmp/ccyNkDtC.o: in function `test_add_mixed_numbers':\n/home/runner/work/check-C-test/check-C-test/tests_pr/chunk_0_tests.c:34:(.text+0x16f): undefined reference to `add'\n/usr/bin/ld: /tmp/ccyNkDtC.o: in function `test_add_zero':\n/home/runner/work/check-C-test/check-C-test/tests_pr/chunk_0_tests.c:43:(.text+0x203): undefined reference to `add'\n/usr/bin/ld: /tmp/ccyNkDtC.o: in function `test_add_max_int':\n/home/runner/work/check-C-test/check-C-test/tests_pr/chunk_0_tests.c:52:(.text+0x297): undefined reference to `add'\n/usr/bin/ld: /tmp/ccyNkDtC.o:/home/runner/work/check-C-test/check-C-test/tests_pr/chunk_0_tests.c:62: more undefined references to `add' follow\ncollect2: error: ld returned 1 exit status\n",
    "chunks_processed": 1,
    "chunk_details": [
      {
        "id": "chunk_0",
        "type": "unit",
        "functions": 2,
        "lines": 19,
        "estimated_tokens": 57
      }
    ]
  },
  "test_cases": [],
  "coverage_metrics": {
    "line_coverage": 0.0,
    "function_coverage": 0.0,
    "branch_coverage": 0.0,
    "files": {
      "main.c": {
        "file": "main.c",
        "total_lines": 0,
        "covered_lines": 0,
        "line_coverage": 0.0
      }
    },
    "summary": "No coverage data available"
  },
  "execution_logs": [
    "[2025-10-03 12:49:12] [INFO] ğŸš€ Starting C Project Test Automation with Smart Chunking",
    "[2025-10-03 12:49:12] [INFO] ğŸ“‹ Detected 4 code changes in 1 files:",
    "[2025-10-03 12:49:12] [INFO]    main.c lines 3-4 (modified)",
    "[2025-10-03 12:49:12] [INFO]    main.c lines 9-9 (modified)",
    "[2025-10-03 12:49:12] [INFO]    main.c lines 12-12 (modified)",
    "[2025-10-03 12:49:12] [INFO]    main.c lines 14-14 (modified)",
    "[2025-10-03 12:49:12] [INFO] ğŸ” Analyzing C file: main.c",
    "[2025-10-03 12:49:12] [INFO] âœ… Found 2 functions in main.c",
    "[2025-10-03 12:49:12] [INFO] ğŸ§© Created 1 intelligent test chunks:",
    "[2025-10-03 12:49:12] [INFO]    chunk_0: unit testing, 2 functions",
    "[2025-10-03 12:49:12] [INFO]       Lines: 19, Est. Tokens: 57, Complexity: 2/10",
    "[2025-10-03 12:49:12] [INFO] ğŸ§ª Processing chunk_0 (unit test)...",
    "[2025-10-03 12:49:12] [INFO] ğŸ¤– Generating C test code (attempt 1/3)...",
    "[2025-10-03 12:49:13] [SUCCESS] âœ… Generated valid-looking C test code",
    "[2025-10-03 12:49:13] [SUCCESS] âœ… Generated chunk test file: /home/runner/work/check-C-test/check-C-test/tests_pr/chunk_0_tests.c",
    "[2025-10-03 12:49:13] [INFO] ğŸ”¨ Compiling C tests from /home/runner/work/check-C-test/check-C-test/tests_pr/chunk_0_tests.c",
    "[2025-10-03 12:49:13] [INFO] ğŸ”§ Compilation command: gcc -std=c99 -Wall -Wextra -g --coverage -fprofile-arcs -ftest-coverage /home/runner/work/check-C-test/check-C-test/tests_pr/chunk_0_tests.c -lcmocka -lgcov -o /home/runner/work/check-C-test/check-C-test/tests_pr/chunk_0_tests -I /home/runner/work/check-C-test/check-C-test",
    "[2025-10-03 12:49:14] [ERROR] âŒ Compilation failed",
    "[2025-10-03 12:49:14] [ERROR] /home/runner/work/check-C-test/check-C-test/tests_pr/chunk_0_tests.c: In function â€˜test_add_normal_operationâ€™:\n/home/runner/work/check-C-test/check-C-test/tests_pr/chunk_0_tests.c:16:18: warning: implicit declaration of function â€˜addâ€™ [-Wimplicit-function-declaration]\n   16 |     int actual = add(a, b);\n      |                  ^~~\n/home/runner/work/check-C-test/check-C-test/tests_pr/chunk_0_tests.c: In function â€˜test_add_max_intâ€™:\n/home/runner/work/check-C-test/check-C-test/tests_pr/chunk_0_tests.c:51:28: warning: integer overflow in expression of type â€˜intâ€™ results in â€˜-2147483648â€™ [-Woverflow]\n   51 |     int expected = INT_MAX + 1;\n      |                            ^\n/home/runner/work/check-C-test/check-C-test/tests_pr/chunk_0_tests.c:52:9: warning: unused variable â€˜actualâ€™ [-Wunused-variable]\n   52 |     int actual = add(a, b);\n      |         ^~~~~~\n/home/runner/work/check-C-test/check-C-test/tests_pr/chunk_0_tests.c:51:9: warning: unused variable â€˜expectedâ€™ [-Wunused-variable]\n   51 |     int expected = INT_MAX + 1;\n      |         ^~~~~~~~\n/home/runner/work/check-C-test/check-C-test/tests_pr/chunk_0_tests.c: In function â€˜test_add_min_intâ€™:\n/home/runner/work/check-C-test/check-C-test/tests_pr/chunk_0_tests.c:61:28: warning: integer overflow in expression of type â€˜intâ€™ results in â€˜2147483647â€™ [-Woverflow]\n   61 |     int expected = INT_MIN - 1;\n      |                            ^\n/home/runner/work/check-C-test/check-C-test/tests_pr/chunk_0_tests.c:62:9: warning: unused variable â€˜actualâ€™ [-Wunused-variable]\n   62 |     int actual = add(a, b);\n      |         ^~~~~~\n/home/runner/work/check-C-test/check-C-test/tests_pr/chunk_0_tests.c:61:9: warning: unused variable â€˜expectedâ€™ [-Wunused-variable]\n   61 |     int expected = INT_MIN - 1;\n      |         ^~~~~~~~\n/usr/bin/ld: /tmp/ccyNkDtC.o: in function `test_add_normal_operation':\n/home/runner/work/check-C-test/check-C-test/tests_pr/chunk_0_tests.c:16:(.text+0x47): undefined reference to `add'\n/usr/bin/ld: /tmp/ccyNkDtC.o: in function `test_add_negative_numbers':\n/home/runner/work/check-C-test/check-C-test/tests_pr/chunk_0_tests.c:25:(.text+0xdb): undefined reference to `add'\n/usr/bin/ld: /tmp/ccyNkDtC.o: in function `test_add_mixed_numbers':\n/home/runner/work/check-C-test/check-C-test/tests_pr/chunk_0_tests.c:34:(.text+0x16f): undefined reference to `add'\n/usr/bin/ld: /tmp/ccyNkDtC.o: in function `test_add_zero':\n/home/runner/work/check-C-test/check-C-test/tests_pr/chunk_0_tests.c:43:(.text+0x203): undefined reference to `add'\n/usr/bin/ld: /tmp/ccyNkDtC.o: in function `test_add_max_int':\n/home/runner/work/check-C-test/check-C-test/tests_pr/chunk_0_tests.c:52:(.text+0x297): undefined reference to `add'\n/usr/bin/ld: /tmp/ccyNkDtC.o:/home/runner/work/check-C-test/check-C-test/tests_pr/chunk_0_tests.c:62: more undefined references to `add' follow\ncollect2: error: ld returned 1 exit status\n",
    "[2025-10-03 12:49:14] [INFO] ğŸ“Š C Function Analysis Summary:",
    "[2025-10-03 12:49:14] [INFO]    Total Functions: 2",
    "[2025-10-03 12:49:14] [INFO]    Static Functions: 0",
    "[2025-10-03 12:49:14] [INFO]    Average Complexity: 1.0/10",
    "[2025-10-03 12:49:14] [INFO] ğŸ“Š Generating consolidated coverage reports...",
    "[2025-10-03 12:49:14] [INFO] ğŸ“Š Found version-specific gcov: gcov-11",
    "[2025-10-03 12:49:14] [INFO] ğŸ“Š Using gcov tool: gcov-11",
    "[2025-10-03 12:49:14] [INFO] ğŸ“Š Generating coverage for main.c...",
    "[2025-10-03 12:49:14] [SUCCESS] âœ… Coverage generated for main.c",
    "[2025-10-03 12:49:14] [WARNING] âš ï¸ lcov capture failed: geninfo: ERROR: no .gcda files found in /home/runner/work/check-C-test/check-C-test\n\t(use \"geninfo --ignore-errors empty ...\" to bypass this error)\n",
    "[2025-10-03 12:49:14] [WARNING] âš ï¸ Alternative coverage capture failed: geninfo: ERROR: no .gcda files found in /home/runner/work/check-C-test/check-C-test\n\t(use \"geninfo --ignore-errors empty ...\" to bypass this error)\n"
  ]
}