TN:
SF:/home/runner/work/check-C-test/check-C-test/tests_pr/chunk_0_tests.c
FN:11,13,add
FN:15,17,add2
FN:19,23,test_add_normal
FN:25,31,test_add_edge_cases
FN:33,37,test_add2_normal
FN:39,45,test_add2_edge_cases
FN:47,51,test_add2_overflow
FN:53,57,test_add2_underflow
FN:59,70,main
FNDA:3,add
FNDA:5,add2
FNDA:1,test_add_normal
FNDA:1,test_add_edge_cases
FNDA:1,test_add2_normal
FNDA:1,test_add2_edge_cases
FNDA:1,test_add2_overflow
FNDA:1,test_add2_underflow
FNDA:1,main
FNF:9
FNH:9
DA:11,3
DA:12,3
DA:15,5
DA:16,5
DA:19,1
DA:21,1
DA:22,1
DA:23,1
DA:25,1
DA:27,1
DA:28,1
DA:29,1
DA:30,1
DA:31,1
DA:33,1
DA:35,1
DA:36,1
DA:37,1
DA:39,1
DA:41,1
DA:42,1
DA:43,1
DA:44,1
DA:45,1
DA:47,1
DA:49,1
DA:50,1
DA:51,1
DA:53,1
DA:55,1
DA:56,1
DA:57,1
DA:59,1
DA:60,1
DA:69,1
LF:35
LH:35
end_of_record
TN:
SF:/home/runner/work/check-C-test/check-C-test/tests_pr/pr_generated_tests.c
FN:11,13,add
FN:16,20,test_add_normal
FN:23,27,test_add_negative
FN:30,34,test_add_zero
FN:37,41,test_add_large
FN:44,48,test_add_small
FN:51,61,main
FNDA:5,add
FNDA:1,test_add_normal
FNDA:1,test_add_negative
FNDA:1,test_add_zero
FNDA:1,test_add_large
FNDA:1,test_add_small
FNDA:1,main
FNF:7
FNH:7
DA:11,5
DA:12,5
DA:16,1
DA:18,1
DA:19,1
DA:20,1
DA:23,1
DA:25,1
DA:26,1
DA:27,1
DA:30,1
DA:32,1
DA:33,1
DA:34,1
DA:37,1
DA:39,1
DA:40,1
DA:41,1
DA:44,1
DA:46,1
DA:47,1
DA:48,1
DA:51,1
DA:52,1
DA:60,1
LF:25
LH:25
end_of_record
