TN:
SF:/home/runner/work/check-C-test/check-C-test/tests_pr/pr_generated_tests.c
FN:11,13,add
FN:15,19,test_add_normal_operation
FN:21,25,test_add_negative_numbers
FN:27,31,test_add_mixed_numbers
FN:33,37,test_add_zero
FN:39,43,test_add_max_int
FN:45,49,test_add_min_int
FN:51,55,test_add_overflow
FN:57,69,main
FNDA:7,add
FNDA:1,test_add_normal_operation
FNDA:1,test_add_negative_numbers
FNDA:1,test_add_mixed_numbers
FNDA:1,test_add_zero
FNDA:1,test_add_max_int
FNDA:1,test_add_min_int
FNDA:1,test_add_overflow
FNDA:1,main
FNF:9
FNH:9
DA:11,7
DA:12,7
DA:15,1
DA:17,1
DA:18,1
DA:19,1
DA:21,1
DA:23,1
DA:24,1
DA:25,1
DA:27,1
DA:29,1
DA:30,1
DA:31,1
DA:33,1
DA:35,1
DA:36,1
DA:37,1
DA:39,1
DA:41,1
DA:42,1
DA:43,1
DA:45,1
DA:47,1
DA:48,1
DA:49,1
DA:51,1
DA:53,1
DA:54,1
DA:55,1
DA:57,1
DA:58,1
DA:68,1
LF:33
LH:33
end_of_record
